2019-02-19 01:05:14 INFO  ChooseTaskListController:45 - open window for choosing lists in start work of app
2019-02-19 01:05:17 INFO  ChooseTaskListController:119 - open previous tasks list D:\JAVA\TaskManagerPolushkinaInna\list235.txt
2019-02-19 01:05:17 INFO  TaskListController:310 - tasks list was successfully loaded from file D:\JAVA\TaskManagerPolushkinaInna\list235.txt
2019-02-19 01:05:17 INFO  Notificator:51 - start notify
2019-02-19 01:05:17 INFO  TaskListController:67 - open main tasks list
2019-02-19 01:09:10 INFO  ChooseTaskListController:45 - open window for choosing lists in start work of app
2019-02-19 01:09:12 INFO  ChooseTaskListController:119 - open previous tasks list D:\JAVA\TaskManagerPolushkinaInna\list235.txt
2019-02-19 01:09:12 INFO  TaskListController:310 - tasks list was successfully loaded from file D:\JAVA\TaskManagerPolushkinaInna\list235.txt
2019-02-19 01:09:12 INFO  Notificator:51 - start notify
2019-02-19 01:09:13 INFO  TaskListController:67 - open main tasks list
2019-02-19 01:09:24 INFO  Notificator:51 - start notify
2019-02-19 01:09:24 INFO  TaskListController:213 - added new task
2019-02-19 01:09:25 INFO  TaskListController:253 - tasks list have been successfully saved
2019-02-19 01:09:25 INFO  TaskListController:272 - work of app was correctly ended 
2019-02-19 01:09:29 INFO  ChooseTaskListController:45 - open window for choosing lists in start work of app
2019-02-19 01:09:30 INFO  ChooseTaskListController:119 - open previous tasks list D:\JAVA\TaskManagerPolushkinaInna\list235.txt
2019-02-19 01:09:30 INFO  TaskListController:310 - tasks list was successfully loaded from file D:\JAVA\TaskManagerPolushkinaInna\list235.txt
2019-02-19 01:09:30 INFO  Notificator:51 - start notify
2019-02-19 01:09:31 INFO  TaskListController:67 - open main tasks list
2019-02-19 01:09:33 INFO  TaskListController:253 - tasks list have been successfully saved
2019-02-19 01:09:33 INFO  TaskListController:272 - work of app was correctly ended 
2019-02-19 01:32:03 INFO  ChooseTaskListController:45 - open window for choosing lists in start work of app
2019-02-19 01:32:05 INFO  ChooseTaskListController:119 - open previous tasks list D:\JAVA\TaskManagerPolushkinaInna\list235.txt
2019-02-19 01:32:05 INFO  TaskListController:310 - tasks list was successfully loaded from file D:\JAVA\TaskManagerPolushkinaInna\list235.txt
2019-02-19 01:32:05 INFO  Notificator:51 - start notify
2019-02-19 01:32:06 INFO  TaskListController:67 - open main tasks list
2019-02-19 01:48:55 INFO  ChooseTaskListController:45 - open window for choosing lists in start work of app
2019-02-20 16:32:42 INFO  ChooseTaskListController:45 - open window for choosing lists in start work of app
2019-02-20 16:33:03 INFO  ChooseTaskListController:93 - create fileD:\JAVA\TaskManagerPolushkinaInna\newListTests.txt
2019-02-20 16:33:03 INFO  TaskListController:310 - tasks list was successfully loaded from file D:\JAVA\TaskManagerPolushkinaInna\newListTests.txt
2019-02-20 16:33:05 INFO  Notificator:51 - start notify
2019-02-20 16:33:05 INFO  TaskListController:67 - open main tasks list
2019-02-20 16:33:15 INFO  TaskListController:140 - try to open window with details info about selected task
2019-02-20 16:34:27 INFO  CalendarController:47 - open calendar
2019-02-20 16:35:03 INFO  CalendarController:110 - calendar was closed
2019-02-20 16:38:31 INFO  ChooseTaskListController:45 - open window for choosing lists in start work of app
2019-02-20 16:38:39 INFO  TaskListController:253 - tasks list have been successfully saved
2019-02-20 16:38:39 INFO  CalendarController:110 - calendar was closed
2019-02-20 16:38:39 INFO  TaskListController:262 - close window calendar
2019-02-20 16:38:39 INFO  TaskListController:272 - work of app was correctly ended 
2019-02-20 16:38:41 INFO  ChooseTaskListController:151 - open fileChooser for load tasks list from any text file
2019-02-20 16:38:46 WARN  ChooseTaskListController:160 - close fileChooser and don't choose file class java.lang.NullPointerException
2019-02-20 16:38:48 INFO  ChooseTaskListController:119 - open previous tasks list D:\JAVA\TaskManagerPolushkinaInna\newListTests.txt
2019-02-20 16:38:48 INFO  TaskListController:310 - tasks list was successfully loaded from file D:\JAVA\TaskManagerPolushkinaInna\newListTests.txt
2019-02-20 16:38:48 INFO  Notificator:51 - start notify
2019-02-20 16:38:48 INFO  TaskListController:67 - open main tasks list
2019-02-20 16:41:28 INFO  TaskListController:253 - tasks list have been successfully saved
2019-02-20 16:41:28 INFO  TaskListController:272 - work of app was correctly ended 
2019-02-20 16:41:36 INFO  ChooseTaskListController:45 - open window for choosing lists in start work of app
2019-02-20 16:41:38 INFO  ChooseTaskListController:119 - open previous tasks list D:\JAVA\TaskManagerPolushkinaInna\newListTests.txt
2019-02-20 16:41:38 INFO  TaskListController:315 - tasks list was successfully loaded from file D:\JAVA\TaskManagerPolushkinaInna\newListTests.txt
2019-02-20 16:41:38 INFO  Notificator:51 - start notify
2019-02-20 16:41:39 INFO  TaskListController:67 - open main tasks list
2019-02-20 16:41:41 WARN  TaskListController:288 - try to remove task, but list have not any tasks
2019-02-20 16:47:43 INFO  ChooseTaskListController:45 - open window for choosing lists in start work of app
2019-02-20 16:48:05 INFO  ChooseTaskListController:119 - open previous tasks list D:\JAVA\TaskManagerPolushkinaInna\newListTests.txt
2019-02-20 16:48:05 INFO  TaskListController:315 - tasks list was successfully loaded from file D:\JAVA\TaskManagerPolushkinaInna\newListTests.txt
2019-02-20 16:48:06 INFO  Notificator:51 - start notify
2019-02-20 16:48:06 INFO  TaskListController:67 - open main tasks list
2019-02-20 16:51:29 INFO  TaskListController:140 - try to open window with details info about selected task
2019-02-20 16:51:31 INFO  TaskListController:140 - try to open window with details info about selected task
2019-02-20 16:53:44 INFO  ChooseTaskListController:45 - open window for choosing lists in start work of app
2019-02-20 16:53:45 INFO  ChooseTaskListController:119 - open previous tasks list D:\JAVA\TaskManagerPolushkinaInna\newListTests.txt
2019-02-20 16:53:45 INFO  TaskListController:325 - tasks list was successfully loaded from file D:\JAVA\TaskManagerPolushkinaInna\newListTests.txt
2019-02-20 16:53:46 INFO  Notificator:51 - start notify
2019-02-20 16:53:46 INFO  TaskListController:67 - open main tasks list
2019-02-20 16:53:48 INFO  TaskListController:141 - try to open window with details info about selected task
2019-02-20 16:53:48 WARN  TaskListController:145 - try to open window with details info, but list have not any task
2019-02-20 17:38:42 WARN  TaskListController:314 - try edit task, but tasks list have not any tasks
2019-02-20 17:38:44 INFO  TaskListController:141 - try to open window with details info about selected task
2019-02-20 17:38:44 WARN  TaskListController:145 - try to open window with details info, but list have not any task
2019-02-20 17:38:45 WARN  TaskListController:293 - try to remove task, but list have not any tasks
2019-02-20 17:39:17 INFO  TaskListController:141 - try to open window with details info about selected task
2019-02-20 17:39:17 WARN  TaskListController:145 - try to open window with details info, but list have not any task
2019-02-20 17:39:18 WARN  TaskListController:314 - try edit task, but tasks list have not any tasks
2019-02-20 17:39:19 WARN  TaskListController:293 - try to remove task, but list have not any tasks
2019-02-20 17:39:20 WARN  TaskListController:314 - try edit task, but tasks list have not any tasks
2019-02-20 17:39:21 INFO  TaskListController:141 - try to open window with details info about selected task
2019-02-20 17:39:21 WARN  TaskListController:145 - try to open window with details info, but list have not any task
2019-02-20 17:39:22 WARN  TaskListController:314 - try edit task, but tasks list have not any tasks
2019-02-20 17:39:23 WARN  TaskListController:293 - try to remove task, but list have not any tasks
2019-02-20 17:39:24 WARN  TaskListController:314 - try edit task, but tasks list have not any tasks
2019-02-20 17:39:25 WARN  TaskListController:314 - try edit task, but tasks list have not any tasks
2019-02-20 17:39:25 WARN  TaskListController:314 - try edit task, but tasks list have not any tasks
2019-02-20 17:39:25 WARN  TaskListController:314 - try edit task, but tasks list have not any tasks
2019-02-20 17:39:25 WARN  TaskListController:314 - try edit task, but tasks list have not any tasks
2019-02-20 17:39:26 WARN  TaskListController:314 - try edit task, but tasks list have not any tasks
2019-02-20 17:39:26 WARN  TaskListController:314 - try edit task, but tasks list have not any tasks
2019-02-20 17:39:27 WARN  TaskListController:293 - try to remove task, but list have not any tasks
2019-02-20 17:39:27 WARN  TaskListController:293 - try to remove task, but list have not any tasks
2019-02-20 17:39:27 WARN  TaskListController:293 - try to remove task, but list have not any tasks
2019-02-20 17:39:28 WARN  TaskListController:293 - try to remove task, but list have not any tasks
2019-02-20 17:39:51 INFO  TaskListController:141 - try to open window with details info about selected task
2019-02-20 17:39:51 WARN  TaskListController:145 - try to open window with details info, but list have not any task
2019-02-20 17:39:51 INFO  TaskListController:141 - try to open window with details info about selected task
2019-02-20 17:39:51 WARN  TaskListController:145 - try to open window with details info, but list have not any task
2019-02-20 17:39:51 INFO  TaskListController:141 - try to open window with details info about selected task
2019-02-20 17:39:51 WARN  TaskListController:145 - try to open window with details info, but list have not any task
2019-02-20 17:39:51 INFO  TaskListController:141 - try to open window with details info about selected task
2019-02-20 17:39:51 WARN  TaskListController:145 - try to open window with details info, but list have not any task
2019-02-20 17:39:52 INFO  TaskListController:141 - try to open window with details info about selected task
2019-02-20 17:39:52 WARN  TaskListController:145 - try to open window with details info, but list have not any task
2019-02-20 17:39:52 INFO  TaskListController:141 - try to open window with details info about selected task
2019-02-20 17:39:52 WARN  TaskListController:145 - try to open window with details info, but list have not any task
2019-02-20 17:39:52 INFO  TaskListController:141 - try to open window with details info about selected task
2019-02-20 17:39:52 WARN  TaskListController:145 - try to open window with details info, but list have not any task
2019-02-20 17:39:52 INFO  TaskListController:141 - try to open window with details info about selected task
2019-02-20 17:39:52 WARN  TaskListController:145 - try to open window with details info, but list have not any task
2019-02-20 17:39:52 INFO  TaskListController:141 - try to open window with details info about selected task
2019-02-20 17:39:52 WARN  TaskListController:145 - try to open window with details info, but list have not any task
2019-02-20 17:41:21 INFO  ChooseTaskListController:45 - open window for choosing lists in start work of app
2019-02-20 17:41:23 INFO  ChooseTaskListController:119 - open previous tasks list D:\JAVA\TaskManagerPolushkinaInna\newListTests.txt
2019-02-20 17:41:23 INFO  TaskListController:332 - tasks list was successfully loaded from file D:\JAVA\TaskManagerPolushkinaInna\newListTests.txt
2019-02-20 17:41:23 INFO  Notificator:51 - start notify
2019-02-20 17:41:24 INFO  TaskListController:67 - open main tasks list
2019-02-20 17:41:26 WARN  TaskListController:155 - try to open window with details info, but list have not any task
2019-02-20 17:41:26 WARN  TaskListController:155 - try to open window with details info, but list have not any task
2019-02-20 17:41:26 WARN  TaskListController:155 - try to open window with details info, but list have not any task
2019-02-20 17:41:26 WARN  TaskListController:155 - try to open window with details info, but list have not any task
2019-02-20 17:41:27 WARN  TaskListController:155 - try to open window with details info, but list have not any task
2019-02-20 18:06:03 INFO  ChooseTaskListController:45 - open window for choosing lists in start work of app
2019-02-20 18:06:05 INFO  ChooseTaskListController:119 - open previous tasks list D:\JAVA\TaskManagerPolushkinaInna\newListTests.txt
2019-02-20 18:06:05 INFO  TaskListController:332 - tasks list was successfully loaded from file D:\JAVA\TaskManagerPolushkinaInna\newListTests.txt
2019-02-20 18:06:06 INFO  Notificator:51 - start notify
2019-02-20 18:06:06 INFO  TaskListController:67 - open main tasks list
2019-02-20 18:06:08 WARN  TaskListController:300 - try to remove task, but list have not any tasks
2019-02-20 18:06:09 WARN  TaskListController:321 - try edit task, but tasks list have not any tasks
2019-02-20 18:06:10 WARN  TaskListController:155 - try to open window with details info, but list have not any task
2019-02-20 18:07:20 INFO  ChooseTaskListController:45 - open window for choosing lists in start work of app
2019-02-20 18:07:24 INFO  ChooseTaskListController:119 - open previous tasks list D:\JAVA\TaskManagerPolushkinaInna\newListTests.txt
2019-02-20 18:07:24 INFO  TaskListController:332 - tasks list was successfully loaded from file D:\JAVA\TaskManagerPolushkinaInna\newListTests.txt
2019-02-20 18:07:24 INFO  Notificator:51 - start notify
2019-02-20 18:07:24 INFO  TaskListController:67 - open main tasks list
2019-02-20 18:11:03 INFO  ChooseTaskListController:45 - open window for choosing lists in start work of app
2019-02-20 18:11:22 INFO  ChooseTaskListController:45 - open window for choosing lists in start work of app
2019-02-20 18:11:24 INFO  ChooseTaskListController:119 - open previous tasks list D:\JAVA\TaskManagerPolushkinaInna\newListTests.txt
2019-02-20 18:11:24 INFO  TaskListController:332 - tasks list was successfully loaded from file D:\JAVA\TaskManagerPolushkinaInna\newListTests.txt
2019-02-20 18:11:24 INFO  Notificator:51 - start notify
2019-02-20 18:11:25 INFO  TaskListController:67 - open main tasks list
2019-02-20 18:11:28 WARN  TaskListController:300 - try to remove task, but list have not any tasks
2019-02-20 18:11:31 WARN  TaskListController:321 - try edit task, but tasks list have not any tasks
2019-02-20 18:12:56 INFO  ChooseTaskListController:45 - open window for choosing lists in start work of app
2019-02-20 18:12:57 INFO  ChooseTaskListController:119 - open previous tasks list D:\JAVA\TaskManagerPolushkinaInna\newListTests.txt
2019-02-20 18:12:57 INFO  TaskListController:332 - tasks list was successfully loaded from file D:\JAVA\TaskManagerPolushkinaInna\newListTests.txt
2019-02-20 18:12:58 INFO  Notificator:51 - start notify
2019-02-20 18:12:58 INFO  TaskListController:67 - open main tasks list
2019-02-20 18:13:00 WARN  TaskListController:300 - try to remove task, but list have not any tasks
2019-02-20 18:13:01 WARN  TaskListController:321 - try edit task, but tasks list have not any tasks
2019-02-20 18:13:02 WARN  TaskListController:155 - try to open window with details info, but list have not any task
2019-02-25 10:59:27 INFO  ChooseTaskListController:45 - open window for choosing lists in start work of app
2019-02-25 10:59:32 INFO  ChooseTaskListController:119 - open previous tasks list D:\JAVA\TaskManagerPolushkinaInna\newListTests.txt
2019-02-25 10:59:32 INFO  TaskListController:332 - tasks list was successfully loaded from file D:\JAVA\TaskManagerPolushkinaInna\newListTests.txt
2019-02-25 10:59:34 INFO  Notificator:51 - start notify
2019-02-25 10:59:35 INFO  TaskListController:67 - open main tasks list
2019-02-25 10:59:38 WARN  TaskListController:300 - try to remove task, but list have not any tasks
2019-02-25 10:59:40 WARN  TaskListController:321 - try edit task, but tasks list have not any tasks
2019-02-25 10:59:41 WARN  TaskListController:155 - try to open window with details info, but list have not any task
2019-02-28 17:18:04 INFO  ChooseTaskListController:45 - open window for choosing lists in start work of app
2019-02-28 17:18:06 INFO  ChooseTaskListController:119 - open previous tasks list D:\JAVA\TaskManagerPolushkinaInna\newListTests.txt
2019-02-28 17:18:06 INFO  TaskListController:332 - tasks list was successfully loaded from file D:\JAVA\TaskManagerPolushkinaInna\newListTests.txt
2019-02-28 17:18:09 INFO  Notificator:51 - start notify
2019-02-28 17:18:10 INFO  TaskListController:67 - open main tasks list
2019-02-28 17:18:34 INFO  Notificator:51 - start notify
2019-02-28 17:18:34 INFO  TaskListController:225 - added new task
2019-02-28 17:23:15 INFO  ChooseTaskListController:45 - open window for choosing lists in start work of app
2019-02-28 17:23:17 INFO  ChooseTaskListController:119 - open previous tasks list D:\JAVA\TaskManagerPolushkinaInna\newListTests.txt
2019-02-28 17:23:17 INFO  TaskListController:338 - tasks list was successfully loaded from file D:\JAVA\TaskManagerPolushkinaInna\newListTests.txt
2019-02-28 17:23:17 INFO  Notificator:51 - start notify
2019-02-28 17:23:18 INFO  TaskListController:67 - open main tasks list
2019-02-28 17:23:31 INFO  Notificator:51 - start notify
2019-02-28 17:23:31 INFO  TaskListController:225 - added new task
2019-02-28 17:24:05 INFO  ChooseTaskListController:45 - open window for choosing lists in start work of app
2019-02-28 17:24:07 INFO  ChooseTaskListController:119 - open previous tasks list D:\JAVA\TaskManagerPolushkinaInna\newListTests.txt
2019-02-28 17:24:07 INFO  TaskListController:338 - tasks list was successfully loaded from file D:\JAVA\TaskManagerPolushkinaInna\newListTests.txt
2019-02-28 17:24:08 INFO  Notificator:51 - start notify
2019-02-28 17:24:08 INFO  TaskListController:67 - open main tasks list
2019-02-28 17:24:18 INFO  Notificator:51 - start notify
2019-02-28 17:24:18 INFO  TaskListController:225 - added new task
2019-02-28 17:28:16 INFO  ChooseTaskListController:45 - open window for choosing lists in start work of app
2019-02-28 17:28:18 INFO  ChooseTaskListController:119 - open previous tasks list D:\JAVA\TaskManagerPolushkinaInna\newListTests.txt
2019-02-28 17:28:18 INFO  TaskListController:323 - tasks list was successfully loaded from file D:\JAVA\TaskManagerPolushkinaInna\newListTests.txt
2019-02-28 17:28:18 INFO  Notificator:51 - start notify
2019-02-28 17:28:19 INFO  TaskListController:67 - open main tasks list
2019-02-28 17:28:23 INFO  TaskListController:263 - tasks list have been successfully saved
2019-02-28 17:28:23 INFO  TaskListController:282 - work of app was correctly ended 
2019-02-28 17:28:50 INFO  ChooseTaskListController:45 - open window for choosing lists in start work of app
2019-02-28 17:28:53 INFO  ChooseTaskListController:119 - open previous tasks list D:\JAVA\TaskManagerPolushkinaInna\newListTests.txt
2019-02-28 17:28:53 INFO  TaskListController:323 - tasks list was successfully loaded from file D:\JAVA\TaskManagerPolushkinaInna\newListTests.txt
2019-02-28 17:28:53 INFO  Notificator:51 - start notify
2019-02-28 17:28:54 INFO  TaskListController:67 - open main tasks list
2019-02-28 18:32:28 INFO  CalendarController:47 - open calendar
2019-02-28 18:32:36 WARN  CalendarController:93 - try to search tasks with incorrectly dates
2019-02-28 18:37:48 INFO  ChooseTaskListController:45 - open window for choosing lists in start work of app
2019-02-28 18:37:49 INFO  ChooseTaskListController:119 - open previous tasks list D:\JAVA\TaskManagerPolushkinaInna\newListTests.txt
2019-02-28 18:37:49 INFO  TaskListController:323 - tasks list was successfully loaded from file D:\JAVA\TaskManagerPolushkinaInna\newListTests.txt
2019-02-28 18:37:50 INFO  Notificator:51 - start notify
2019-02-28 18:37:50 INFO  TaskListController:67 - open main tasks list
2019-02-28 18:37:59 INFO  TaskListController:225 - try to add task with out dates
2019-02-28 18:38:03 WARN  TaskListController:210 - try to add task with date from the past
2019-02-28 18:38:06 INFO  Notificator:51 - start notify
2019-02-28 18:38:06 INFO  TaskListController:220 - added new task
2019-02-28 18:38:30 INFO  Notificator:51 - start notify
2019-02-28 18:38:30 INFO  TaskListController:220 - added new task
2019-02-28 18:38:35 INFO  DetailsInfoController:47 - show details info about task ' dbnggggggggggggggggggggggggggggggggggggggggggggggggggggggggggggggggggggggggggggggeeeeeeeeeeeeeeeeeeeeeeeeeeeeeerrrrrrrrrrrrrrrrwwwwwwwwwwwwwwwwqqqqqqqqqqqqqqqqqqqqqqq ' 
2019-02-28 18:38:35 INFO  TaskListController:151 - open window with details info about selected task
2019-02-28 18:38:41 INFO  EditTaskController:51 - open window for edit task
2019-02-28 18:38:41 INFO  TaskListController:309 - try to edit task "dbnggggggggggggggggggggggggggggggggggggggggggggggggggggggggggggggggggggggggggggggeeeeeeeeeeeeeeeeeeeeeeeeeeeeeerrrrrrrrrrrrrrrrwwwwwwwwwwwwwwwwqqqqqqqqqqqqqqqqqqqqqqq" at [2019-02-28 20:38:00.000] inactive
2019-02-28 18:38:41 INFO  EditTaskController:179 - saving edition of task
2019-02-28 18:38:41 INFO  TaskListController:313 - task was saved
2019-02-28 18:57:26 INFO  ChooseTaskListController:45 - open window for choosing lists in start work of app
2019-02-28 18:57:27 INFO  ChooseTaskListController:119 - open previous tasks list D:\JAVA\TaskManagerPolushkinaInna\newListTests.txt
2019-02-28 18:57:27 INFO  TaskListController:323 - tasks list was successfully loaded from file D:\JAVA\TaskManagerPolushkinaInna\newListTests.txt
2019-02-28 18:57:28 INFO  Notificator:51 - start notify
2019-02-28 18:57:28 INFO  TaskListController:67 - open main tasks list
2019-02-28 18:58:20 INFO  ChooseTaskListController:45 - open window for choosing lists in start work of app
2019-02-28 18:58:21 INFO  ChooseTaskListController:119 - open previous tasks list D:\JAVA\TaskManagerPolushkinaInna\newListTests.txt
2019-02-28 18:58:21 INFO  TaskListController:323 - tasks list was successfully loaded from file D:\JAVA\TaskManagerPolushkinaInna\newListTests.txt
2019-02-28 18:58:22 INFO  Notificator:51 - start notify
2019-02-28 18:58:22 INFO  TaskListController:67 - open main tasks list
2019-02-28 19:00:09 INFO  ChooseTaskListController:45 - open window for choosing lists in start work of app
2019-02-28 19:00:10 INFO  ChooseTaskListController:119 - open previous tasks list D:\JAVA\TaskManagerPolushkinaInna\newListTests.txt
2019-02-28 19:00:10 INFO  TaskListController:323 - tasks list was successfully loaded from file D:\JAVA\TaskManagerPolushkinaInna\newListTests.txt
2019-02-28 19:00:11 INFO  Notificator:51 - start notify
2019-02-28 19:00:11 INFO  TaskListController:67 - open main tasks list
2019-02-28 19:01:00 INFO  ChooseTaskListController:45 - open window for choosing lists in start work of app
2019-02-28 19:01:02 INFO  ChooseTaskListController:119 - open previous tasks list D:\JAVA\TaskManagerPolushkinaInna\newListTests.txt
2019-02-28 19:01:02 INFO  TaskListController:323 - tasks list was successfully loaded from file D:\JAVA\TaskManagerPolushkinaInna\newListTests.txt
2019-02-28 19:01:02 INFO  Notificator:51 - start notify
2019-02-28 19:01:02 INFO  TaskListController:67 - open main tasks list
2019-02-28 19:01:59 INFO  ChooseTaskListController:45 - open window for choosing lists in start work of app
2019-02-28 19:02:00 INFO  ChooseTaskListController:119 - open previous tasks list D:\JAVA\TaskManagerPolushkinaInna\newListTests.txt
2019-02-28 19:02:00 INFO  TaskListController:323 - tasks list was successfully loaded from file D:\JAVA\TaskManagerPolushkinaInna\newListTests.txt
2019-02-28 19:02:01 INFO  Notificator:51 - start notify
2019-02-28 19:02:01 INFO  TaskListController:67 - open main tasks list
2019-02-28 19:03:06 INFO  ChooseTaskListController:45 - open window for choosing lists in start work of app
2019-02-28 19:03:07 INFO  ChooseTaskListController:119 - open previous tasks list D:\JAVA\TaskManagerPolushkinaInna\newListTests.txt
2019-02-28 19:03:07 INFO  TaskListController:323 - tasks list was successfully loaded from file D:\JAVA\TaskManagerPolushkinaInna\newListTests.txt
2019-02-28 19:03:08 INFO  Notificator:51 - start notify
2019-02-28 19:03:08 INFO  TaskListController:67 - open main tasks list
2019-02-28 19:04:10 INFO  ChooseTaskListController:45 - open window for choosing lists in start work of app
2019-02-28 19:04:11 INFO  ChooseTaskListController:119 - open previous tasks list D:\JAVA\TaskManagerPolushkinaInna\newListTests.txt
2019-02-28 19:04:11 INFO  TaskListController:323 - tasks list was successfully loaded from file D:\JAVA\TaskManagerPolushkinaInna\newListTests.txt
2019-02-28 19:04:12 INFO  Notificator:51 - start notify
2019-02-28 19:04:12 INFO  TaskListController:67 - open main tasks list
2019-02-28 19:04:36 INFO  Notificator:51 - start notify
2019-02-28 19:04:36 INFO  TaskListController:220 - added new task
2019-02-28 19:05:47 INFO  ChooseTaskListController:45 - open window for choosing lists in start work of app
2019-02-28 19:05:49 INFO  ChooseTaskListController:119 - open previous tasks list D:\JAVA\TaskManagerPolushkinaInna\newListTests.txt
2019-02-28 19:05:49 INFO  TaskListController:323 - tasks list was successfully loaded from file D:\JAVA\TaskManagerPolushkinaInna\newListTests.txt
2019-02-28 19:05:49 INFO  Notificator:51 - start notify
2019-02-28 19:05:49 INFO  TaskListController:67 - open main tasks list
2019-02-28 19:05:58 INFO  Notificator:51 - start notify
2019-02-28 19:05:58 INFO  TaskListController:220 - added new task
2019-02-28 19:06:00 INFO  TaskListController:263 - tasks list have been successfully saved
2019-02-28 19:06:00 INFO  TaskListController:282 - work of app was correctly ended 
2019-02-28 19:06:06 INFO  ChooseTaskListController:45 - open window for choosing lists in start work of app
2019-02-28 19:06:08 INFO  ChooseTaskListController:119 - open previous tasks list D:\JAVA\TaskManagerPolushkinaInna\newListTests.txt
2019-02-28 19:06:08 INFO  TaskListController:323 - tasks list was successfully loaded from file D:\JAVA\TaskManagerPolushkinaInna\newListTests.txt
2019-02-28 19:06:08 INFO  Notificator:51 - start notify
2019-02-28 19:06:08 INFO  TaskListController:67 - open main tasks list
2019-02-28 19:06:32 INFO  ChooseTaskListController:45 - open window for choosing lists in start work of app
2019-02-28 19:06:34 INFO  ChooseTaskListController:119 - open previous tasks list D:\JAVA\TaskManagerPolushkinaInna\newListTests.txt
2019-02-28 19:06:34 INFO  TaskListController:323 - tasks list was successfully loaded from file D:\JAVA\TaskManagerPolushkinaInna\newListTests.txt
2019-02-28 19:06:34 INFO  Notificator:51 - start notify
2019-02-28 19:06:34 INFO  TaskListController:67 - open main tasks list
2019-02-28 19:07:41 INFO  ChooseTaskListController:45 - open window for choosing lists in start work of app
2019-02-28 19:07:42 INFO  ChooseTaskListController:119 - open previous tasks list D:\JAVA\TaskManagerPolushkinaInna\newListTests.txt
2019-02-28 19:07:42 INFO  TaskListController:325 - tasks list was successfully loaded from file D:\JAVA\TaskManagerPolushkinaInna\newListTests.txt
2019-02-28 19:07:43 INFO  Notificator:51 - start notify
2019-02-28 19:07:43 INFO  TaskListController:67 - open main tasks list
2019-02-28 19:07:45 INFO  TaskListController:295 - removed task ( "dtmrme" at [2019-03-08 23:05:00.000] inactive )
2019-02-28 19:07:45 INFO  TaskListController:299 - tasks list is empty
2019-02-28 19:08:34 INFO  ChooseTaskListController:45 - open window for choosing lists in start work of app
2019-02-28 19:08:36 INFO  ChooseTaskListController:119 - open previous tasks list D:\JAVA\TaskManagerPolushkinaInna\newListTests.txt
2019-02-28 19:08:36 INFO  TaskListController:325 - tasks list was successfully loaded from file D:\JAVA\TaskManagerPolushkinaInna\newListTests.txt
2019-02-28 19:08:36 INFO  Notificator:51 - start notify
2019-02-28 19:08:37 INFO  TaskListController:67 - open main tasks list
2019-02-28 19:08:39 INFO  TaskListController:295 - removed task ( "dtmrme" at [2019-03-08 23:05:00.000] inactive )
2019-02-28 19:08:39 INFO  TaskListController:299 - tasks list is empty
2019-02-28 19:08:48 INFO  Notificator:51 - start notify
2019-02-28 19:08:48 INFO  TaskListController:220 - added new task
2019-02-28 19:08:51 INFO  EditTaskController:51 - open window for edit task
2019-02-28 19:08:51 INFO  TaskListController:311 - try to edit task "qqqqqqqqqsqsqdqd" at [2019-03-02 23:08:00.000] inactive
2019-02-28 19:08:51 INFO  EditTaskController:179 - saving edition of task
2019-02-28 19:08:51 INFO  TaskListController:315 - task was saved
2019-02-28 19:08:56 INFO  EditTaskController:51 - open window for edit task
2019-02-28 19:08:56 INFO  TaskListController:311 - try to edit task "qqqqqqqqqsqsqdqd" at [2019-03-02 23:08:00.000] inactive
2019-02-28 19:08:56 INFO  EditTaskController:179 - saving edition of task
2019-02-28 19:08:56 INFO  TaskListController:315 - task was saved
2019-02-28 19:09:10 INFO  DetailsInfoController:47 - show details info about task ' aaaaaaaaaaaaqqqqqqqqqq ' 
2019-02-28 19:09:10 INFO  TaskListController:151 - open window with details info about selected task
2019-02-28 19:34:29 INFO  ChooseTaskListController:45 - open window for choosing lists in start work of app
2019-02-28 19:34:30 INFO  ChooseTaskListController:119 - open previous tasks list D:\JAVA\TaskManagerPolushkinaInna\newListTests.txt
2019-02-28 19:34:30 INFO  TaskListController:325 - tasks list was successfully loaded from file D:\JAVA\TaskManagerPolushkinaInna\newListTests.txt
2019-02-28 19:34:30 INFO  Notificator:51 - start notify
2019-02-28 19:34:31 INFO  TaskListController:67 - open main tasks list
2019-02-28 19:34:34 INFO  TaskListController:295 - removed task ( "dtmrme" at [2019-03-08 23:05:00.000] inactive )
2019-02-28 19:34:34 INFO  TaskListController:299 - tasks list is empty
2019-02-28 19:35:05 INFO  Notificator:51 - start notify
2019-02-28 19:35:05 INFO  TaskListController:220 - added new task
2019-02-28 19:35:14 INFO  TaskListController:295 - removed task ( "njnkvnkvnlknlwllwvnkl" at [2019-03-01 23:35:00.000] inactive )
2019-02-28 19:35:14 INFO  TaskListController:299 - tasks list is empty
2019-02-28 19:35:17 INFO  Notificator:51 - start notify
2019-02-28 19:35:17 INFO  TaskListController:220 - added new task
2019-02-28 19:35:23 INFO  TaskListController:295 - removed task ( "vevebr" at [2019-02-28 21:35:00.000] inactive )
2019-02-28 19:35:23 INFO  TaskListController:299 - tasks list is empty
2019-02-28 19:35:26 INFO  Notificator:51 - start notify
2019-02-28 19:35:26 INFO  TaskListController:220 - added new task
2019-02-28 19:41:47 INFO  ChooseTaskListController:45 - open window for choosing lists in start work of app
2019-02-28 19:41:49 INFO  ChooseTaskListController:119 - open previous tasks list D:\JAVA\TaskManagerPolushkinaInna\newListTests.txt
2019-02-28 19:41:49 INFO  TaskListController:340 - tasks list was successfully loaded from file D:\JAVA\TaskManagerPolushkinaInna\newListTests.txt
2019-02-28 19:41:49 INFO  Notificator:51 - start notify
2019-02-28 19:41:49 INFO  TaskListController:67 - open main tasks list
2019-02-28 19:41:51 WARN  TaskListController:329 - try to edit task, but no task is selected null
2019-02-28 19:41:52 WARN  TaskListController:309 - try to remove task, but no task is selected null
2019-02-28 19:41:53 WARN  TaskListController:329 - try to edit task, but no task is selected null
2019-02-28 19:41:53 WARN  TaskListController:155 - try to watch details info about task, but no task is selected
2019-02-28 19:41:54 WARN  TaskListController:329 - try to edit task, but no task is selected null
2019-02-28 19:41:54 WARN  TaskListController:309 - try to remove task, but no task is selected null
2019-02-28 19:41:55 WARN  TaskListController:329 - try to edit task, but no task is selected null
2019-02-28 19:41:56 WARN  TaskListController:155 - try to watch details info about task, but no task is selected
2019-02-28 19:41:56 WARN  TaskListController:329 - try to edit task, but no task is selected null
2019-02-28 19:41:57 WARN  TaskListController:309 - try to remove task, but no task is selected null
2019-02-28 19:41:57 WARN  TaskListController:329 - try to edit task, but no task is selected null
2019-02-28 19:41:58 WARN  TaskListController:329 - try to edit task, but no task is selected null
2019-02-28 19:41:58 WARN  TaskListController:309 - try to remove task, but no task is selected null
2019-02-28 19:41:59 WARN  TaskListController:329 - try to edit task, but no task is selected null
2019-02-28 19:42:01 WARN  TaskListController:155 - try to watch details info about task, but no task is selected
2019-02-28 19:42:02 WARN  TaskListController:329 - try to edit task, but no task is selected null
2019-02-28 19:42:02 WARN  TaskListController:309 - try to remove task, but no task is selected null
2019-02-28 19:42:03 WARN  TaskListController:329 - try to edit task, but no task is selected null
2019-02-28 19:42:04 WARN  TaskListController:155 - try to watch details info about task, but no task is selected
2019-02-28 19:43:09 INFO  ChooseTaskListController:45 - open window for choosing lists in start work of app
2019-02-28 19:43:17 INFO  ChooseTaskListController:93 - create fileD:\JAVA\TaskManagerPolushkinaInna\nel.txt
2019-02-28 19:43:18 INFO  TaskListController:340 - tasks list was successfully loaded from file D:\JAVA\TaskManagerPolushkinaInna\nel.txt
2019-02-28 19:43:18 INFO  Notificator:51 - start notify
2019-02-28 19:43:18 INFO  TaskListController:67 - open main tasks list
2019-02-28 19:44:03 INFO  Notificator:51 - start notify
2019-02-28 19:44:03 INFO  TaskListController:225 - added new task
2019-02-28 19:44:06 INFO  EditTaskController:51 - open window for edit task
2019-02-28 19:44:06 INFO  TaskListController:322 - try to edit task "kvakva" at [2019-03-02 23:44:00.000] inactive
2019-02-28 19:44:06 INFO  EditTaskController:179 - saving edition of task
2019-02-28 19:44:06 INFO  TaskListController:326 - task was saved
2019-02-28 19:44:13 INFO  DetailsInfoController:47 - show details info about task ' kvakva ' 
2019-02-28 19:44:13 INFO  TaskListController:152 - open window with details info about selected task
2019-02-28 19:44:20 INFO  EditTaskController:51 - open window for edit task
2019-02-28 19:44:20 INFO  TaskListController:322 - try to edit task "kvakva" from [2019-03-02 23:44:00.000] to [2019-03-07 21:44:00.000] every [1 day 5 minutes] inactive
2019-02-28 19:44:20 INFO  EditTaskController:179 - saving edition of task
2019-02-28 19:44:20 INFO  TaskListController:326 - task was saved
2019-02-28 19:44:23 INFO  CalendarController:47 - open calendar
2019-02-28 19:44:51 WARN  CalendarController:93 - try to search tasks with incorrectly dates
2019-02-28 19:51:41 INFO  ChooseTaskListController:45 - open window for choosing lists in start work of app
2019-02-28 19:51:42 INFO  ChooseTaskListController:119 - open previous tasks list D:\JAVA\TaskManagerPolushkinaInna\newListTests.txt
2019-02-28 19:51:42 ERROR TaskListController:343 - error while parsing file with tasks, created new file for writing tasks list
2019-02-28 19:51:42 ERROR TaskListView:437 - tasks was not load into table view from file D:\JAVA\TaskManagerPolushkinaInna\newListTests.txtD:\JAVA\TaskManagerPolushkinaInna\newListTests.txt (Не удается найти указанный файл)
2019-02-28 19:51:43 INFO  Notificator:51 - start notify
2019-02-28 19:51:43 INFO  TaskListController:67 - open main tasks list
2019-02-28 19:51:46 INFO  TaskListController:269 - tasks list have been successfully saved
2019-02-28 19:51:46 INFO  TaskListController:288 - work of app was correctly ended 
2019-02-28 19:51:51 INFO  ChooseTaskListController:45 - open window for choosing lists in start work of app
2019-02-28 19:51:53 INFO  ChooseTaskListController:151 - open fileChooser for load tasks list from any text file
2019-02-28 19:52:22 INFO  ChooseTaskListController:156 - open fileD:\JAVA\TaskManagerPolushkinaInna\nel.txt with fileChooser
2019-02-28 19:52:22 INFO  TaskListController:340 - tasks list was successfully loaded from file D:\JAVA\TaskManagerPolushkinaInna\nel.txt
2019-02-28 19:52:23 INFO  Notificator:51 - start notify
2019-02-28 19:52:23 INFO  TaskListController:67 - open main tasks list
2019-02-28 19:52:53 INFO  ChooseTaskListController:45 - open window for choosing lists in start work of app
2019-02-28 19:52:54 INFO  ChooseTaskListController:119 - open previous tasks list D:\JAVA\TaskManagerPolushkinaInna\newListTests.txt
2019-02-28 19:52:54 ERROR TaskListController:343 - error while parsing file with tasks, created new file for writing tasks list
2019-02-28 19:52:54 ERROR TaskListView:437 - tasks was not load into table view from file D:\JAVA\TaskManagerPolushkinaInna\newListTests.txtD:\JAVA\TaskManagerPolushkinaInna\newListTests.txt (Не удается найти указанный файл)
2019-02-28 19:52:54 INFO  Notificator:51 - start notify
2019-02-28 19:52:55 INFO  TaskListController:67 - open main tasks list
2019-02-28 19:53:07 INFO  Notificator:51 - start notify
2019-02-28 19:53:07 INFO  TaskListController:225 - added new task
2019-02-28 19:53:11 INFO  Notificator:51 - start notify
2019-02-28 19:53:11 INFO  TaskListController:225 - added new task
2019-02-28 19:53:24 WARN  TaskListController:215 - try to add task with date from the past
2019-02-28 19:53:32 INFO  Notificator:51 - start notify
2019-02-28 19:53:32 INFO  TaskListController:225 - added new task
2019-02-28 19:53:44 INFO  TaskListController:269 - tasks list have been successfully saved
2019-02-28 19:53:44 INFO  TaskListController:288 - work of app was correctly ended 
2019-02-28 19:54:19 INFO  ChooseTaskListController:45 - open window for choosing lists in start work of app
2019-02-28 19:54:21 INFO  ChooseTaskListController:119 - open previous tasks list D:\JAVA\TaskManagerPolushkinaInna\newListTests.txt
2019-02-28 19:54:21 INFO  TaskListController:340 - tasks list was successfully loaded from file D:\JAVA\TaskManagerPolushkinaInna\newListTests.txt
2019-02-28 19:54:22 INFO  Notificator:51 - start notify
2019-02-28 19:54:23 INFO  TaskListController:67 - open main tasks list
2019-02-28 19:54:26 INFO  TaskListController:269 - tasks list have been successfully saved
2019-02-28 19:54:26 INFO  TaskListController:288 - work of app was correctly ended 
2019-02-28 19:54:31 INFO  ChooseTaskListController:45 - open window for choosing lists in start work of app
2019-02-28 19:54:38 INFO  ChooseTaskListController:93 - create fileD:\JAVA\TaskManagerPolushkinaInna\memk.txt
2019-02-28 19:54:38 INFO  TaskListController:340 - tasks list was successfully loaded from file D:\JAVA\TaskManagerPolushkinaInna\memk.txt
2019-02-28 19:54:38 INFO  Notificator:51 - start notify
2019-02-28 19:54:38 INFO  TaskListController:67 - open main tasks list
2019-02-28 19:54:40 INFO  TaskListController:269 - tasks list have been successfully saved
2019-02-28 19:54:40 INFO  TaskListController:288 - work of app was correctly ended 
2019-02-28 19:54:57 INFO  ChooseTaskListController:45 - open window for choosing lists in start work of app
2019-02-28 19:54:59 INFO  ChooseTaskListController:119 - open previous tasks list D:\JAVA\TaskManagerPolushkinaInna\memk.txt
2019-02-28 19:54:59 INFO  TaskListController:340 - tasks list was successfully loaded from file D:\JAVA\TaskManagerPolushkinaInna\memk.txt
2019-02-28 19:55:00 INFO  Notificator:51 - start notify
2019-02-28 19:55:00 INFO  TaskListController:67 - open main tasks list
2019-02-28 19:55:21 INFO  Notificator:51 - start notify
2019-02-28 19:55:21 INFO  TaskListController:225 - added new task
2019-02-28 19:55:23 INFO  TaskListController:269 - tasks list have been successfully saved
2019-02-28 19:55:23 INFO  TaskListController:288 - work of app was correctly ended 
2019-02-28 19:55:27 INFO  ChooseTaskListController:45 - open window for choosing lists in start work of app
2019-02-28 19:55:29 INFO  ChooseTaskListController:119 - open previous tasks list D:\JAVA\TaskManagerPolushkinaInna\memk.txt
2019-02-28 19:55:29 INFO  TaskListController:340 - tasks list was successfully loaded from file D:\JAVA\TaskManagerPolushkinaInna\memk.txt
2019-02-28 19:55:30 INFO  Notificator:51 - start notify
2019-02-28 19:55:30 INFO  TaskListController:67 - open main tasks list
2019-02-28 19:55:33 WARN  TaskListController:309 - try to remove task, but no task is selected null
2019-02-28 19:55:34 WARN  TaskListController:329 - try to edit task, but no task is selected null
2019-02-28 19:55:35 WARN  TaskListController:155 - try to watch details info about task, but no task is selected
2019-02-28 19:55:55 INFO  ChooseTaskListController:45 - open window for choosing lists in start work of app
2019-02-28 19:55:57 INFO  ChooseTaskListController:119 - open previous tasks list D:\JAVA\TaskManagerPolushkinaInna\memk.txt
2019-02-28 19:55:57 ERROR TaskListController:343 - error while parsing file with tasks, created new file for writing tasks list
2019-02-28 19:55:57 ERROR TaskListView:437 - tasks was not load into table view from file D:\JAVA\TaskManagerPolushkinaInna\memk.txtD:\JAVA\TaskManagerPolushkinaInna\memk.txt (Не удается найти указанный файл)
2019-02-28 19:55:57 INFO  Notificator:51 - start notify
2019-02-28 19:55:57 INFO  TaskListController:67 - open main tasks list
2019-02-28 19:56:06 INFO  ChooseTaskListController:45 - open window for choosing lists in start work of app
2019-02-28 19:56:07 INFO  ChooseTaskListController:119 - open previous tasks list D:\JAVA\TaskManagerPolushkinaInna\memk.txt
2019-02-28 19:56:07 ERROR TaskListController:343 - error while parsing file with tasks, created new file for writing tasks list
2019-02-28 19:56:07 ERROR TaskListView:437 - tasks was not load into table view from file D:\JAVA\TaskManagerPolushkinaInna\memk.txtD:\JAVA\TaskManagerPolushkinaInna\memk.txt (Не удается найти указанный файл)
2019-02-28 19:56:07 INFO  Notificator:51 - start notify
2019-02-28 19:56:08 INFO  TaskListController:67 - open main tasks list
2019-02-28 19:56:20 INFO  Notificator:51 - start notify
2019-02-28 19:56:20 INFO  TaskListController:225 - added new task
2019-02-28 19:56:23 INFO  TaskListController:269 - tasks list have been successfully saved
2019-02-28 19:56:23 INFO  TaskListController:288 - work of app was correctly ended 
2019-03-01 10:51:17 INFO  ChooseTaskListController:45 - open window for choosing lists in start work of app
2019-03-01 10:51:18 INFO  ChooseTaskListController:119 - open previous tasks list D:\JAVA\TaskManagerPolushkinaInna\memk.txt
2019-03-01 10:51:19 INFO  TaskListController:340 - tasks list was successfully loaded from file D:\JAVA\TaskManagerPolushkinaInna\memk.txt
2019-03-01 10:51:20 INFO  Notificator:51 - start notify
2019-03-01 10:51:21 INFO  TaskListController:67 - open main tasks list
2019-03-01 11:04:36 INFO  ChooseTaskListController:45 - open window for choosing lists in start work of app
2019-03-01 11:04:39 INFO  ChooseTaskListController:119 - open previous tasks list D:\JAVA\TaskManagerPolushkinaInna\memk.txt
2019-03-01 11:04:39 INFO  TaskListController:340 - tasks list was successfully loaded from file D:\JAVA\TaskManagerPolushkinaInna\memk.txt
2019-03-01 11:04:39 INFO  Notificator:51 - start notify
2019-03-01 11:04:40 INFO  TaskListController:67 - open main tasks list
2019-03-01 11:04:42 WARN  TaskListController:309 - try to remove task, but no task is selected null
2019-03-01 11:04:43 WARN  TaskListController:329 - try to edit task, but no task is selected null
2019-03-01 11:04:44 WARN  TaskListController:155 - try to watch details info about task, but no task is selected
2019-03-01 11:04:45 WARN  TaskListController:329 - try to edit task, but no task is selected null
2019-03-01 11:04:46 WARN  TaskListController:309 - try to remove task, but no task is selected null
2019-03-01 11:04:47 WARN  TaskListController:329 - try to edit task, but no task is selected null
2019-03-01 11:04:50 WARN  TaskListController:155 - try to watch details info about task, but no task is selected
2019-03-01 11:04:52 INFO  TaskListController:301 - removed task ( "rrrrrrr" at [2019-03-02 23:56:00.000] inactive )
2019-03-01 11:04:52 INFO  TaskListController:305 - tasks list is empty
2019-03-01 11:09:21 INFO  Notificator:51 - start notify
2019-03-01 11:09:21 INFO  TaskListController:225 - added new task
2019-03-01 11:09:24 WARN  TaskListController:309 - try to remove task, but no task is selected null
2019-03-01 11:09:24 WARN  TaskListController:329 - try to edit task, but no task is selected null
2019-03-01 11:09:25 WARN  TaskListController:155 - try to watch details info about task, but no task is selected
2019-03-01 11:09:25 WARN  TaskListController:329 - try to edit task, but no task is selected null
2019-03-01 11:09:27 INFO  TaskListController:301 - removed task ( "task" at [2019-04-05 00:09:00.000] inactive )
2019-03-01 11:09:27 INFO  TaskListController:305 - tasks list is empty
2019-03-01 11:09:30 INFO  TaskListController:269 - tasks list have been successfully saved
2019-03-01 11:09:30 INFO  TaskListController:288 - work of app was correctly ended 
2019-03-11 11:49:41 INFO  ChooseTaskListController:45 - open window for choosing lists in start work of app
2019-03-11 11:49:46 INFO  ChooseTaskListController:93 - create fileD:\JAVA\TaskManagerPolushkinaInna\dvsvasdvb.docx
2019-03-11 11:49:46 ERROR TaskListController:343 - error while parsing file with tasks, created new file for writing tasks list
2019-03-11 11:49:47 ERROR TaskListView:437 - tasks was not load into table view from file D:\JAVA\TaskManagerPolushkinaInna\dvsvasdvb.docxdvsvasdvb.docx (Не удается найти указанный файл)
2019-03-11 11:49:49 INFO  Notificator:51 - start notify
2019-03-11 11:49:49 INFO  TaskListController:67 - open main tasks list
2019-03-11 11:50:00 INFO  Notificator:51 - start notify
2019-03-11 11:50:00 INFO  TaskListController:225 - added new task
2019-03-11 11:50:02 INFO  TaskListController:269 - tasks list have been successfully saved
2019-03-11 11:50:02 INFO  TaskListController:288 - work of app was correctly ended 
2019-03-11 11:50:58 INFO  ChooseTaskListController:45 - open window for choosing lists in start work of app
2019-03-11 11:51:01 INFO  ChooseTaskListController:93 - create fileD:\JAVA\TaskManagerPolushkinaInna\aaa.doc
2019-03-11 11:51:01 INFO  TaskListController:340 - tasks list was successfully loaded from file D:\JAVA\TaskManagerPolushkinaInna\aaa.doc
2019-03-11 11:51:01 INFO  Notificator:51 - start notify
2019-03-11 11:51:02 INFO  TaskListController:67 - open main tasks list
2019-03-11 11:51:09 INFO  Notificator:51 - start notify
2019-03-11 11:51:09 INFO  TaskListController:225 - added new task
2019-03-11 11:51:10 INFO  TaskListController:269 - tasks list have been successfully saved
2019-03-11 11:51:10 INFO  TaskListController:288 - work of app was correctly ended 
2019-03-11 11:51:50 INFO  ChooseTaskListController:45 - open window for choosing lists in start work of app
2019-03-13 13:50:05 INFO  ChooseTaskListController:45 - open window for choosing lists in start work of app
2019-03-13 13:50:13 INFO  ChooseTaskListController:119 - open previous tasks list D:\JAVA\TaskManagerPolushkinaInna\aaa.doc
2019-03-13 13:50:13 ERROR TaskListController:343 - error while parsing file with tasks, created new file for writing tasks list
2019-03-13 13:50:15 ERROR TaskListView:437 - tasks was not load into table view from file D:\JAVA\TaskManagerPolushkinaInna\aaa.docD:\JAVA\TaskManagerPolushkinaInna\aaa.doc (Не удается найти указанный файл)
2019-03-13 13:50:16 INFO  Notificator:51 - start notify
2019-03-13 13:50:16 INFO  TaskListController:67 - open main tasks list
2019-03-13 13:50:33 INFO  Notificator:51 - start notify
2019-03-13 13:50:33 INFO  TaskListController:225 - added new task
2019-03-13 13:51:07 INFO  EditTaskController:51 - open window for edit task
2019-03-13 13:51:07 INFO  TaskListController:322 - try to edit task "new task" at [2019-03-17 21:50:00.000] inactive
2019-03-13 13:51:07 INFO  EditTaskController:179 - saving edition of task
2019-03-13 13:51:07 INFO  TaskListController:326 - task was saved
2019-03-13 13:51:18 INFO  CalendarController:47 - open calendar
2019-03-13 13:51:27 INFO  CalendarController:110 - calendar was closed
2019-03-13 13:51:31 INFO  TaskListController:269 - tasks list have been successfully saved
2019-03-13 13:51:31 INFO  CalendarController:110 - calendar was closed
2019-03-13 13:51:31 INFO  TaskListController:278 - close window calendar
2019-03-13 13:51:31 INFO  TaskListController:286 - close window for edit task
2019-03-13 13:51:31 INFO  TaskListController:288 - work of app was correctly ended 
2019-03-13 13:51:37 INFO  ChooseTaskListController:45 - open window for choosing lists in start work of app
2019-03-13 13:51:38 INFO  ChooseTaskListController:119 - open previous tasks list D:\JAVA\TaskManagerPolushkinaInna\aaa.doc
2019-03-13 13:51:38 INFO  TaskListController:340 - tasks list was successfully loaded from file D:\JAVA\TaskManagerPolushkinaInna\aaa.doc
2019-03-13 13:51:39 INFO  Notificator:51 - start notify
2019-03-13 13:51:39 INFO  TaskListController:67 - open main tasks list
2019-04-29 17:03:36 INFO  ChooseTaskListController:45 - open window for choosing lists in start work of app
2019-04-29 17:03:40 INFO  ChooseTaskListController:119 - open previous tasks list D:\JAVA\TaskManagerPolushkinaInna\aaa.doc
2019-04-29 17:03:41 INFO  TaskListController:340 - tasks list was successfully loaded from file D:\JAVA\TaskManagerPolushkinaInna\aaa.doc
2019-04-29 17:03:42 INFO  Notificator:51 - start notify
2019-04-29 17:03:43 INFO  TaskListController:67 - open main tasks list
2019-04-29 17:04:01 INFO  Notificator:51 - start notify
2019-04-29 17:04:01 INFO  TaskListController:225 - added new task
2019-04-29 17:04:03 INFO  TaskListController:269 - tasks list have been successfully saved
2019-04-29 17:04:03 INFO  TaskListController:288 - work of app was correctly ended 
2019-04-29 17:04:11 INFO  ChooseTaskListController:45 - open window for choosing lists in start work of app
2019-04-29 17:04:18 INFO  ChooseTaskListController:119 - open previous tasks list D:\JAVA\TaskManagerPolushkinaInna\aaa.doc
2019-04-29 17:04:18 INFO  TaskListController:340 - tasks list was successfully loaded from file D:\JAVA\TaskManagerPolushkinaInna\aaa.doc
2019-04-29 17:04:18 INFO  Notificator:51 - start notify
2019-04-29 17:04:19 INFO  TaskListController:67 - open main tasks list
2019-04-29 17:04:25 INFO  TaskListController:301 - removed task ( "мымывм" at [2019-05-01 12:03:00.000] )
2019-04-29 17:13:26 INFO  ChooseTaskListController:45 - open window for choosing lists in start work of app
2019-04-29 17:13:29 INFO  ChooseTaskListController:119 - open previous tasks list D:\JAVA\TaskManagerPolushkinaInna\aaa.doc
2019-04-29 17:13:30 INFO  TaskListController:340 - tasks list was successfully loaded from file D:\JAVA\TaskManagerPolushkinaInna\aaa.doc
2019-04-29 17:13:30 INFO  Notificator:51 - start notify
2019-04-29 17:13:30 INFO  TaskListController:67 - open main tasks list
2019-04-29 17:13:35 INFO  TaskListController:301 - removed task ( "мымывм" at [2019-05-01 12:03:00.000] )
2019-04-29 17:13:38 INFO  DetailsInfoController:47 - show details info about task ' new task ' 
2019-04-29 17:13:38 INFO  TaskListController:152 - open window with details info about selected task
2019-04-29 17:13:46 INFO  DetailsInfoController:47 - show details info about task ' new task ' 
2019-04-29 17:13:46 INFO  TaskListController:152 - open window with details info about selected task
2019-04-29 17:13:52 INFO  EditTaskController:51 - open window for edit task
2019-04-29 17:13:52 INFO  TaskListController:322 - try to edit task "new task" from [2019-03-17 21:50:00.000] to [2019-03-20 15:51:00.000] every [1 day 5 minutes] inactive
2019-04-29 17:13:52 INFO  EditTaskController:179 - saving edition of task
2019-04-29 17:13:52 INFO  TaskListController:326 - task was saved
2019-04-29 17:28:20 INFO  ChooseTaskListController:44 - open window for choosing lists in start work of app
2019-04-29 17:28:35 INFO  ChooseTaskListController:92 - create fileD:\JAVA\TaskManagerPolushkinaInna\newFile.txt
2019-04-29 17:28:35 INFO  TaskListController:340 - tasks list was successfully loaded from file D:\JAVA\TaskManagerPolushkinaInna\newFile.txt
2019-04-29 17:28:36 INFO  Notificator:51 - start notify
2019-04-29 17:28:36 INFO  TaskListController:67 - open main tasks list
2019-04-29 17:30:02 INFO  Notificator:51 - start notify
2019-04-29 17:30:02 INFO  TaskListController:225 - added new task
2019-04-29 17:30:09 INFO  DetailsInfoController:47 - show details info about task ' kbdnkbdn ' 
2019-04-29 17:30:09 INFO  TaskListController:152 - open window with details info about selected task
2019-04-29 17:30:15 INFO  TaskListController:301 - removed task ( "kbdnkbdn" at [2019-05-08 12:29:00.000] inactive )
2019-04-29 17:30:15 INFO  TaskListController:305 - tasks list is empty
